This is pdfTeX, Version 3.141592653-2.6-1.40.25 (MiKTeX 24.1) (preloaded format=pdflatex 2024.6.29)  5 JAN 2025 15:45
entering extended mode
 restricted \write18 enabled.
 %&-line parsing enabled.
**./Poly_Linéarité_1.tex
(Poly_Linéarité_1.tex
LaTeX2e <2023-11-01> patch level 1
L3 programming layer <2024-01-04>
(classe.cls

LaTeX Warning: You have requested document class `classe',
               but the document class provides `cours'.

Document Class: cours 
(C:\Users\Utilisateur\AppData\Local\Programs\MiKTeX\tex/latex/base\article.cls
Document Class: article 2023/05/17 v1.4n Standard LaTeX document class
(C:\Users\Utilisateur\AppData\Local\Programs\MiKTeX\tex/latex/base\size10.clo
File: size10.clo 2023/05/17 v1.4n Standard LaTeX file (size option)
)
\c@part=\count187
\c@section=\count188
\c@subsection=\count189
\c@subsubsection=\count190
\c@paragraph=\count191
\c@subparagraph=\count192
\c@figure=\count193
\c@table=\count194
\abovecaptionskip=\skip48
\belowcaptionskip=\skip49
\bibindent=\dimen140
)
(C:\Users\Utilisateur\AppData\Local\Programs\MiKTeX\tex/latex/geometry\geometry
.sty
Package: geometry 2020/01/02 v5.9 Page Geometry

(C:\Users\Utilisateur\AppData\Local\Programs\MiKTeX\tex/latex/graphics\keyval.s
ty
Package: keyval 2022/05/29 v1.15 key=value parser (DPC)
\KV@toks@=\toks17
)
(C:\Users\Utilisateur\AppData\Local\Programs\MiKTeX\tex/generic/iftex\ifvtex.st
y
Package: ifvtex 2019/10/25 v1.7 ifvtex legacy package. Use iftex instead.

(C:\Users\Utilisateur\AppData\Local\Programs\MiKTeX\tex/generic/iftex\iftex.sty
Package: iftex 2022/02/03 v1.0f TeX engine tests
))
\Gm@cnth=\count195
\Gm@cntv=\count196
\c@Gm@tempcnt=\count197
\Gm@bindingoffset=\dimen141
\Gm@wd@mp=\dimen142
\Gm@odd@mp=\dimen143
\Gm@even@mp=\dimen144
\Gm@layoutwidth=\dimen145
\Gm@layoutheight=\dimen146
\Gm@layouthoffset=\dimen147
\Gm@layoutvoffset=\dimen148
\Gm@dimlist=\toks18

(C:\Users\Utilisateur\AppData\Local\Programs\MiKTeX\tex/latex/geometry\geometry
.cfg))
(C:\Users\Utilisateur\AppData\Local\Programs\MiKTeX\tex/latex/cmap\cmap.sty
Package: cmap 2021/02/06 v1.0j CMap support: searchable PDF
)
(C:\Users\Utilisateur\AppData\Local\Programs\MiKTeX\tex/latex/lm\lmodern.sty
Package: lmodern 2015/05/01 v1.6.1 Latin Modern Fonts
LaTeX Font Info:    Overwriting symbol font `operators' in version `normal'
(Font)                  OT1/cmr/m/n --> OT1/lmr/m/n on input line 22.
LaTeX Font Info:    Overwriting symbol font `letters' in version `normal'
(Font)                  OML/cmm/m/it --> OML/lmm/m/it on input line 23.
LaTeX Font Info:    Overwriting symbol font `symbols' in version `normal'
(Font)                  OMS/cmsy/m/n --> OMS/lmsy/m/n on input line 24.
LaTeX Font Info:    Overwriting symbol font `largesymbols' in version `normal'
(Font)                  OMX/cmex/m/n --> OMX/lmex/m/n on input line 25.
LaTeX Font Info:    Overwriting symbol font `operators' in version `bold'
(Font)                  OT1/cmr/bx/n --> OT1/lmr/bx/n on input line 26.
LaTeX Font Info:    Overwriting symbol font `letters' in version `bold'
(Font)                  OML/cmm/b/it --> OML/lmm/b/it on input line 27.
LaTeX Font Info:    Overwriting symbol font `symbols' in version `bold'
(Font)                  OMS/cmsy/b/n --> OMS/lmsy/b/n on input line 28.
LaTeX Font Info:    Overwriting symbol font `largesymbols' in version `bold'
(Font)                  OMX/cmex/m/n --> OMX/lmex/m/n on input line 29.
LaTeX Font Info:    Overwriting math alphabet `\mathbf' in version `normal'
(Font)                  OT1/cmr/bx/n --> OT1/lmr/bx/n on input line 31.
LaTeX Font Info:    Overwriting math alphabet `\mathsf' in version `normal'
(Font)                  OT1/cmss/m/n --> OT1/lmss/m/n on input line 32.
LaTeX Font Info:    Overwriting math alphabet `\mathit' in version `normal'
(Font)                  OT1/cmr/m/it --> OT1/lmr/m/it on input line 33.
LaTeX Font Info:    Overwriting math alphabet `\mathtt' in version `normal'
(Font)                  OT1/cmtt/m/n --> OT1/lmtt/m/n on input line 34.
LaTeX Font Info:    Overwriting math alphabet `\mathbf' in version `bold'
(Font)                  OT1/cmr/bx/n --> OT1/lmr/bx/n on input line 35.
LaTeX Font Info:    Overwriting math alphabet `\mathsf' in version `bold'
(Font)                  OT1/cmss/bx/n --> OT1/lmss/bx/n on input line 36.
LaTeX Font Info:    Overwriting math alphabet `\mathit' in version `bold'
(Font)                  OT1/cmr/bx/it --> OT1/lmr/bx/it on input line 37.
LaTeX Font Info:    Overwriting math alphabet `\mathtt' in version `bold'
(Font)                  OT1/cmtt/m/n --> OT1/lmtt/m/n on input line 38.
)
(C:\Users\Utilisateur\AppData\Local\Programs\MiKTeX\tex/latex/base\inputenc.sty
Package: inputenc 2021/02/14 v1.3d Input encoding file
\inpenc@prehook=\toks19
\inpenc@posthook=\toks20
)
(C:\Users\Utilisateur\AppData\Local\Programs\MiKTeX\tex/latex/base\fontenc.sty
Package: fontenc 2021/04/29 v2.0v Standard LaTeX package
LaTeX Font Info:    Trying to load font information for T1+lmr on input line 11
2.

(C:\Users\Utilisateur\AppData\Local\Programs\MiKTeX\tex/latex/lm\t1lmr.fd
File: t1lmr.fd 2015/05/01 v1.6.1 Font defs for Latin Modern
)<<t1.cmap>>)
(C:\Users\Utilisateur\AppData\Local\Programs\MiKTeX\tex/generic/babel\babel.sty
Package: babel 2024/01/07 v24.1 The Babel package
\babel@savecnt=\count198
\U@D=\dimen149
\l@unhyphenated=\language79

(C:\Users\Utilisateur\AppData\Local\Programs\MiKTeX\tex/generic/babel\txtbabel.
def)
\bbl@readstream=\read2
\bbl@dirlevel=\count199

*************************************
* Local config file bblopts.cfg used
*

(C:\Users\Utilisateur\AppData\Local\Programs\MiKTeX\tex/latex/arabi\bblopts.cfg
File: bblopts.cfg 2005/09/08 v0.1 add Arabic and Farsi to "declared" options of
 babel
)
(C:\Users\Utilisateur\AppData\Local\Programs\MiKTeX\tex/latex/babel-english\bri
tish.ldf
Language: british 2017/06/06 v3.3r English support from the babel system

(C:\Users\Utilisateur\AppData\Local\Programs\MiKTeX\tex/latex/babel-english\eng
lish.ldf
Language: english 2017/06/06 v3.3r English support from the babel system
Package babel Info: Hyphen rules for 'canadian' set to \l@english
(babel)             (\language0). Reported on input line 102.
Package babel Info: Hyphen rules for 'australian' set to \l@ukenglish
(babel)             (\language73). Reported on input line 105.
Package babel Info: Hyphen rules for 'newzealand' set to \l@ukenglish
(babel)             (\language73). Reported on input line 108.
))
(C:\Users\Utilisateur\AppData\Local\Programs\MiKTeX\tex/generic/babel-french\fr
ench.ldf
Language: french 2024-05-24 v3.6a French support from the babel system
Package babel Info: Hyphen rules for 'acadian' set to \l@french
(babel)             (\language22). Reported on input line 91.
Package babel Info: Hyphen rules for 'canadien' set to \l@french
(babel)             (\language22). Reported on input line 92.
\FB@stdchar=\count266
Package babel Info: Making : an active character on input line 422.
Package babel Info: Making ; an active character on input line 423.
Package babel Info: Making ! an active character on input line 424.
Package babel Info: Making ? an active character on input line 425.
\FBguill@level=\count267
\FBold@everypar=\toks21
\FB@Mht=\dimen150
\mc@charclass=\count268
\mc@charfam=\count269
\mc@charslot=\count270
\std@mcc=\count271
\dec@mcc=\count272
\FB@parskip=\dimen151
\listindentFB=\dimen152
\descindentFB=\dimen153
\labelindentFB=\dimen154
\labelwidthFB=\dimen155
\leftmarginFB=\dimen156
\parindentFFN=\dimen157
\FBfnindent=\dimen158
))
(C:\Users\Utilisateur\AppData\Local\Programs\MiKTeX\tex/generic/babel/locale/fr
\babel-french.tex
Package babel Info: Importing font and identification data for french
(babel)             from babel-fr.ini. Reported on input line 11.
)
(C:\Users\Utilisateur\AppData\Local\Programs\MiKTeX\tex/generic/babel/locale/en
\babel-british.tex
Package babel Info: Importing font and identification data for british
(babel)             from babel-en-GB.ini. Reported on input line 11.
)
(C:\Users\Utilisateur\AppData\Local\Programs\MiKTeX\tex/latex/carlisle\scalefnt
.sty)
(C:\Users\Utilisateur\AppData\Local\Programs\MiKTeX\tex/generic/beebe\texnames.
sty
This is texnames.sty, Version 1.09 <16 March 1993>
) (C:\Users\Utilisateur\AppData\Local\Programs\MiKTeX\tex/latex/tools\array.sty
Package: array 2023/10/16 v2.5g Tabular extension package (FMi)
\col@sep=\dimen159
\ar@mcellbox=\box51
\extrarowheight=\dimen160
\NC@list=\toks22
\extratabsurround=\skip50
\backup@length=\skip51
\ar@cellbox=\box52
)
(C:\Users\Utilisateur\AppData\Local\Programs\MiKTeX\tex/latex/pgf/frontendlayer
\tikz.sty
(C:\Users\Utilisateur\AppData\Local\Programs\MiKTeX\tex/latex/pgf/basiclayer\pg
f.sty
(C:\Users\Utilisateur\AppData\Local\Programs\MiKTeX\tex/latex/pgf/utilities\pgf
rcs.sty
(C:\Users\Utilisateur\AppData\Local\Programs\MiKTeX\tex/generic/pgf/utilities\p
gfutil-common.tex
\pgfutil@everybye=\toks23
\pgfutil@tempdima=\dimen161
\pgfutil@tempdimb=\dimen162
)
(C:\Users\Utilisateur\AppData\Local\Programs\MiKTeX\tex/generic/pgf/utilities\p
gfutil-latex.def
\pgfutil@abb=\box53
)
(C:\Users\Utilisateur\AppData\Local\Programs\MiKTeX\tex/generic/pgf/utilities\p
gfrcs.code.tex
(C:\Users\Utilisateur\AppData\Local\Programs\MiKTeX\tex/generic/pgf\pgf.revisio
n.tex)
Package: pgfrcs 2023-01-15 v3.1.10 (3.1.10)
))
Package: pgf 2023-01-15 v3.1.10 (3.1.10)

(C:\Users\Utilisateur\AppData\Local\Programs\MiKTeX\tex/latex/pgf/basiclayer\pg
fcore.sty
(C:\Users\Utilisateur\AppData\Local\Programs\MiKTeX\tex/latex/graphics\graphicx
.sty
Package: graphicx 2021/09/16 v1.2d Enhanced LaTeX Graphics (DPC,SPQR)

(C:\Users\Utilisateur\AppData\Local\Programs\MiKTeX\tex/latex/graphics\graphics
.sty
Package: graphics 2022/03/10 v1.4e Standard LaTeX Graphics (DPC,SPQR)

(C:\Users\Utilisateur\AppData\Local\Programs\MiKTeX\tex/latex/graphics\trig.sty
Package: trig 2021/08/11 v1.11 sin cos tan (DPC)
)
(C:\Users\Utilisateur\AppData\Local\Programs\MiKTeX\tex/latex/graphics-cfg\grap
hics.cfg
File: graphics.cfg 2016/06/04 v1.11 sample graphics configuration
)
Package graphics Info: Driver file: pdftex.def on input line 107.

(C:\Users\Utilisateur\AppData\Local\Programs\MiKTeX\tex/latex/graphics-def\pdft
ex.def
File: pdftex.def 2022/09/22 v1.2b Graphics/color driver for pdftex
))
\Gin@req@height=\dimen163
\Gin@req@width=\dimen164
)
(C:\Users\Utilisateur\AppData\Local\Programs\MiKTeX\tex/latex/pgf/systemlayer\p
gfsys.sty
(C:\Users\Utilisateur\AppData\Local\Programs\MiKTeX\tex/generic/pgf/systemlayer
\pgfsys.code.tex
Package: pgfsys 2023-01-15 v3.1.10 (3.1.10)

(C:\Users\Utilisateur\AppData\Local\Programs\MiKTeX\tex/generic/pgf/utilities\p
gfkeys.code.tex
\pgfkeys@pathtoks=\toks24
\pgfkeys@temptoks=\toks25

(C:\Users\Utilisateur\AppData\Local\Programs\MiKTeX\tex/generic/pgf/utilities\p
gfkeyslibraryfiltered.code.tex
\pgfkeys@tmptoks=\toks26
))
\pgf@x=\dimen165
\pgf@y=\dimen166
\pgf@xa=\dimen167
\pgf@ya=\dimen168
\pgf@xb=\dimen169
\pgf@yb=\dimen170
\pgf@xc=\dimen171
\pgf@yc=\dimen172
\pgf@xd=\dimen173
\pgf@yd=\dimen174
\w@pgf@writea=\write3
\r@pgf@reada=\read3
\c@pgf@counta=\count273
\c@pgf@countb=\count274
\c@pgf@countc=\count275
\c@pgf@countd=\count276
\t@pgf@toka=\toks27
\t@pgf@tokb=\toks28
\t@pgf@tokc=\toks29
\pgf@sys@id@count=\count277

(C:\Users\Utilisateur\AppData\Local\Programs\MiKTeX\tex/generic/pgf/systemlayer
\pgf.cfg
File: pgf.cfg 2023-01-15 v3.1.10 (3.1.10)
)
Driver file for pgf: pgfsys-pdftex.def

(C:\Users\Utilisateur\AppData\Local\Programs\MiKTeX\tex/generic/pgf/systemlayer
\pgfsys-pdftex.def
File: pgfsys-pdftex.def 2023-01-15 v3.1.10 (3.1.10)

(C:\Users\Utilisateur\AppData\Local\Programs\MiKTeX\tex/generic/pgf/systemlayer
\pgfsys-common-pdf.def
File: pgfsys-common-pdf.def 2023-01-15 v3.1.10 (3.1.10)
)))
(C:\Users\Utilisateur\AppData\Local\Programs\MiKTeX\tex/generic/pgf/systemlayer
\pgfsyssoftpath.code.tex
File: pgfsyssoftpath.code.tex 2023-01-15 v3.1.10 (3.1.10)
\pgfsyssoftpath@smallbuffer@items=\count278
\pgfsyssoftpath@bigbuffer@items=\count279
)
(C:\Users\Utilisateur\AppData\Local\Programs\MiKTeX\tex/generic/pgf/systemlayer
\pgfsysprotocol.code.tex
File: pgfsysprotocol.code.tex 2023-01-15 v3.1.10 (3.1.10)
))
(C:\Users\Utilisateur\AppData\Local\Programs\MiKTeX\tex/latex/xcolor\xcolor.sty
Package: xcolor 2023/11/15 v3.01 LaTeX color extensions (UK)

(C:\Users\Utilisateur\AppData\Local\Programs\MiKTeX\tex/latex/graphics-cfg\colo
r.cfg
File: color.cfg 2016/01/02 v1.6 sample color configuration
)
Package xcolor Info: Driver file: pdftex.def on input line 274.

(C:\Users\Utilisateur\AppData\Local\Programs\MiKTeX\tex/latex/graphics\mathcolo
r.ltx)
Package xcolor Info: Model `cmy' substituted by `cmy0' on input line 1350.
Package xcolor Info: Model `hsb' substituted by `rgb' on input line 1354.
Package xcolor Info: Model `RGB' extended on input line 1366.
Package xcolor Info: Model `HTML' substituted by `rgb' on input line 1368.
Package xcolor Info: Model `Hsb' substituted by `hsb' on input line 1369.
Package xcolor Info: Model `tHsb' substituted by `hsb' on input line 1370.
Package xcolor Info: Model `HSB' substituted by `hsb' on input line 1371.
Package xcolor Info: Model `Gray' substituted by `gray' on input line 1372.
Package xcolor Info: Model `wave' substituted by `hsb' on input line 1373.
)
(C:\Users\Utilisateur\AppData\Local\Programs\MiKTeX\tex/generic/pgf/basiclayer\
pgfcore.code.tex
Package: pgfcore 2023-01-15 v3.1.10 (3.1.10)

(C:\Users\Utilisateur\AppData\Local\Programs\MiKTeX\tex/generic/pgf/math\pgfmat
h.code.tex
(C:\Users\Utilisateur\AppData\Local\Programs\MiKTeX\tex/generic/pgf/math\pgfmat
hutil.code.tex)
(C:\Users\Utilisateur\AppData\Local\Programs\MiKTeX\tex/generic/pgf/math\pgfmat
hparser.code.tex
\pgfmath@dimen=\dimen175
\pgfmath@count=\count280
\pgfmath@box=\box54
\pgfmath@toks=\toks30
\pgfmath@stack@operand=\toks31
\pgfmath@stack@operation=\toks32
)
(C:\Users\Utilisateur\AppData\Local\Programs\MiKTeX\tex/generic/pgf/math\pgfmat
hfunctions.code.tex)
(C:\Users\Utilisateur\AppData\Local\Programs\MiKTeX\tex/generic/pgf/math\pgfmat
hfunctions.basic.code.tex)
(C:\Users\Utilisateur\AppData\Local\Programs\MiKTeX\tex/generic/pgf/math\pgfmat
hfunctions.trigonometric.code.tex)
(C:\Users\Utilisateur\AppData\Local\Programs\MiKTeX\tex/generic/pgf/math\pgfmat
hfunctions.random.code.tex)
(C:\Users\Utilisateur\AppData\Local\Programs\MiKTeX\tex/generic/pgf/math\pgfmat
hfunctions.comparison.code.tex)
(C:\Users\Utilisateur\AppData\Local\Programs\MiKTeX\tex/generic/pgf/math\pgfmat
hfunctions.base.code.tex)
(C:\Users\Utilisateur\AppData\Local\Programs\MiKTeX\tex/generic/pgf/math\pgfmat
hfunctions.round.code.tex)
(C:\Users\Utilisateur\AppData\Local\Programs\MiKTeX\tex/generic/pgf/math\pgfmat
hfunctions.misc.code.tex)
(C:\Users\Utilisateur\AppData\Local\Programs\MiKTeX\tex/generic/pgf/math\pgfmat
hfunctions.integerarithmetics.code.tex)
(C:\Users\Utilisateur\AppData\Local\Programs\MiKTeX\tex/generic/pgf/math\pgfmat
hcalc.code.tex)
(C:\Users\Utilisateur\AppData\Local\Programs\MiKTeX\tex/generic/pgf/math\pgfmat
hfloat.code.tex
\c@pgfmathroundto@lastzeros=\count281
))
(C:\Users\Utilisateur\AppData\Local\Programs\MiKTeX\tex/generic/pgf/math\pgfint
.code.tex)
(C:\Users\Utilisateur\AppData\Local\Programs\MiKTeX\tex/generic/pgf/basiclayer\
pgfcorepoints.code.tex
File: pgfcorepoints.code.tex 2023-01-15 v3.1.10 (3.1.10)
\pgf@picminx=\dimen176
\pgf@picmaxx=\dimen177
\pgf@picminy=\dimen178
\pgf@picmaxy=\dimen179
\pgf@pathminx=\dimen180
\pgf@pathmaxx=\dimen181
\pgf@pathminy=\dimen182
\pgf@pathmaxy=\dimen183
\pgf@xx=\dimen184
\pgf@xy=\dimen185
\pgf@yx=\dimen186
\pgf@yy=\dimen187
\pgf@zx=\dimen188
\pgf@zy=\dimen189
)
(C:\Users\Utilisateur\AppData\Local\Programs\MiKTeX\tex/generic/pgf/basiclayer\
pgfcorepathconstruct.code.tex
File: pgfcorepathconstruct.code.tex 2023-01-15 v3.1.10 (3.1.10)
\pgf@path@lastx=\dimen190
\pgf@path@lasty=\dimen191
)
(C:\Users\Utilisateur\AppData\Local\Programs\MiKTeX\tex/generic/pgf/basiclayer\
pgfcorepathusage.code.tex
File: pgfcorepathusage.code.tex 2023-01-15 v3.1.10 (3.1.10)
\pgf@shorten@end@additional=\dimen192
\pgf@shorten@start@additional=\dimen193
)
(C:\Users\Utilisateur\AppData\Local\Programs\MiKTeX\tex/generic/pgf/basiclayer\
pgfcorescopes.code.tex
File: pgfcorescopes.code.tex 2023-01-15 v3.1.10 (3.1.10)
\pgfpic=\box55
\pgf@hbox=\box56
\pgf@layerbox@main=\box57
\pgf@picture@serial@count=\count282
)
(C:\Users\Utilisateur\AppData\Local\Programs\MiKTeX\tex/generic/pgf/basiclayer\
pgfcoregraphicstate.code.tex
File: pgfcoregraphicstate.code.tex 2023-01-15 v3.1.10 (3.1.10)
\pgflinewidth=\dimen194
)
(C:\Users\Utilisateur\AppData\Local\Programs\MiKTeX\tex/generic/pgf/basiclayer\
pgfcoretransformations.code.tex
File: pgfcoretransformations.code.tex 2023-01-15 v3.1.10 (3.1.10)
\pgf@pt@x=\dimen195
\pgf@pt@y=\dimen196
\pgf@pt@temp=\dimen197
)
(C:\Users\Utilisateur\AppData\Local\Programs\MiKTeX\tex/generic/pgf/basiclayer\
pgfcorequick.code.tex
File: pgfcorequick.code.tex 2023-01-15 v3.1.10 (3.1.10)
)
(C:\Users\Utilisateur\AppData\Local\Programs\MiKTeX\tex/generic/pgf/basiclayer\
pgfcoreobjects.code.tex
File: pgfcoreobjects.code.tex 2023-01-15 v3.1.10 (3.1.10)
)
(C:\Users\Utilisateur\AppData\Local\Programs\MiKTeX\tex/generic/pgf/basiclayer\
pgfcorepathprocessing.code.tex
File: pgfcorepathprocessing.code.tex 2023-01-15 v3.1.10 (3.1.10)
)
(C:\Users\Utilisateur\AppData\Local\Programs\MiKTeX\tex/generic/pgf/basiclayer\
pgfcorearrows.code.tex
File: pgfcorearrows.code.tex 2023-01-15 v3.1.10 (3.1.10)
\pgfarrowsep=\dimen198
)
(C:\Users\Utilisateur\AppData\Local\Programs\MiKTeX\tex/generic/pgf/basiclayer\
pgfcoreshade.code.tex
File: pgfcoreshade.code.tex 2023-01-15 v3.1.10 (3.1.10)
\pgf@max=\dimen199
\pgf@sys@shading@range@num=\count283
\pgf@shadingcount=\count284
)
(C:\Users\Utilisateur\AppData\Local\Programs\MiKTeX\tex/generic/pgf/basiclayer\
pgfcoreimage.code.tex
File: pgfcoreimage.code.tex 2023-01-15 v3.1.10 (3.1.10)
)
(C:\Users\Utilisateur\AppData\Local\Programs\MiKTeX\tex/generic/pgf/basiclayer\
pgfcoreexternal.code.tex
File: pgfcoreexternal.code.tex 2023-01-15 v3.1.10 (3.1.10)
\pgfexternal@startupbox=\box58
)
(C:\Users\Utilisateur\AppData\Local\Programs\MiKTeX\tex/generic/pgf/basiclayer\
pgfcorelayers.code.tex
File: pgfcorelayers.code.tex 2023-01-15 v3.1.10 (3.1.10)
)
(C:\Users\Utilisateur\AppData\Local\Programs\MiKTeX\tex/generic/pgf/basiclayer\
pgfcoretransparency.code.tex
File: pgfcoretransparency.code.tex 2023-01-15 v3.1.10 (3.1.10)
)
(C:\Users\Utilisateur\AppData\Local\Programs\MiKTeX\tex/generic/pgf/basiclayer\
pgfcorepatterns.code.tex
File: pgfcorepatterns.code.tex 2023-01-15 v3.1.10 (3.1.10)
)
(C:\Users\Utilisateur\AppData\Local\Programs\MiKTeX\tex/generic/pgf/basiclayer\
pgfcorerdf.code.tex
File: pgfcorerdf.code.tex 2023-01-15 v3.1.10 (3.1.10)
)))
(C:\Users\Utilisateur\AppData\Local\Programs\MiKTeX\tex/generic/pgf/modules\pgf
moduleshapes.code.tex
File: pgfmoduleshapes.code.tex 2023-01-15 v3.1.10 (3.1.10)
\pgfnodeparttextbox=\box59
)
(C:\Users\Utilisateur\AppData\Local\Programs\MiKTeX\tex/generic/pgf/modules\pgf
moduleplot.code.tex
File: pgfmoduleplot.code.tex 2023-01-15 v3.1.10 (3.1.10)
)
(C:\Users\Utilisateur\AppData\Local\Programs\MiKTeX\tex/latex/pgf/compatibility
\pgfcomp-version-0-65.sty
Package: pgfcomp-version-0-65 2023-01-15 v3.1.10 (3.1.10)
\pgf@nodesepstart=\dimen256
\pgf@nodesepend=\dimen257
)
(C:\Users\Utilisateur\AppData\Local\Programs\MiKTeX\tex/latex/pgf/compatibility
\pgfcomp-version-1-18.sty
Package: pgfcomp-version-1-18 2023-01-15 v3.1.10 (3.1.10)
))
(C:\Users\Utilisateur\AppData\Local\Programs\MiKTeX\tex/latex/pgf/utilities\pgf
for.sty
(C:\Users\Utilisateur\AppData\Local\Programs\MiKTeX\tex/latex/pgf/utilities\pgf
keys.sty
(C:\Users\Utilisateur\AppData\Local\Programs\MiKTeX\tex/generic/pgf/utilities\p
gfkeys.code.tex))
(C:\Users\Utilisateur\AppData\Local\Programs\MiKTeX\tex/latex/pgf/math\pgfmath.
sty
(C:\Users\Utilisateur\AppData\Local\Programs\MiKTeX\tex/generic/pgf/math\pgfmat
h.code.tex))
(C:\Users\Utilisateur\AppData\Local\Programs\MiKTeX\tex/generic/pgf/utilities\p
gffor.code.tex
Package: pgffor 2023-01-15 v3.1.10 (3.1.10)
\pgffor@iter=\dimen258
\pgffor@skip=\dimen259
\pgffor@stack=\toks33
\pgffor@toks=\toks34
))
(C:\Users\Utilisateur\AppData\Local\Programs\MiKTeX\tex/generic/pgf/frontendlay
er/tikz\tikz.code.tex
Package: tikz 2023-01-15 v3.1.10 (3.1.10)

(C:\Users\Utilisateur\AppData\Local\Programs\MiKTeX\tex/generic/pgf/libraries\p
gflibraryplothandlers.code.tex
File: pgflibraryplothandlers.code.tex 2023-01-15 v3.1.10 (3.1.10)
\pgf@plot@mark@count=\count285
\pgfplotmarksize=\dimen260
)
\tikz@lastx=\dimen261
\tikz@lasty=\dimen262
\tikz@lastxsaved=\dimen263
\tikz@lastysaved=\dimen264
\tikz@lastmovetox=\dimen265
\tikz@lastmovetoy=\dimen266
\tikzleveldistance=\dimen267
\tikzsiblingdistance=\dimen268
\tikz@figbox=\box60
\tikz@figbox@bg=\box61
\tikz@tempbox=\box62
\tikz@tempbox@bg=\box63
\tikztreelevel=\count286
\tikznumberofchildren=\count287
\tikznumberofcurrentchild=\count288
\tikz@fig@count=\count289

(C:\Users\Utilisateur\AppData\Local\Programs\MiKTeX\tex/generic/pgf/modules\pgf
modulematrix.code.tex
File: pgfmodulematrix.code.tex 2023-01-15 v3.1.10 (3.1.10)
\pgfmatrixcurrentrow=\count290
\pgfmatrixcurrentcolumn=\count291
\pgf@matrix@numberofcolumns=\count292
)
\tikz@expandcount=\count293

(C:\Users\Utilisateur\AppData\Local\Programs\MiKTeX\tex/generic/pgf/frontendlay
er/tikz/libraries\tikzlibrarytopaths.code.tex
File: tikzlibrarytopaths.code.tex 2023-01-15 v3.1.10 (3.1.10)
)))
(C:\Users\Utilisateur\AppData\Local\Programs\MiKTeX\tex/latex/pgfplots\pgfplots
.sty
(C:\Users\Utilisateur\AppData\Local\Programs\MiKTeX\tex/generic/pgfplots\pgfplo
ts.revision.tex)
Package: pgfplots 2021/05/15 v1.18.1 Data Visualization (1.18.1)

(C:\Users\Utilisateur\AppData\Local\Programs\MiKTeX\tex/generic/pgfplots\pgfplo
ts.code.tex
(C:\Users\Utilisateur\AppData\Local\Programs\MiKTeX\tex/generic/pgfplots\pgfplo
tscore.code.tex
\t@pgfplots@toka=\toks35
\t@pgfplots@tokb=\toks36
\t@pgfplots@tokc=\toks37
\pgfplots@tmpa=\dimen269
\c@pgfplots@coordindex=\count294
\c@pgfplots@scanlineindex=\count295

(C:\Users\Utilisateur\AppData\Local\Programs\MiKTeX\tex/generic/pgfplots/sys\pg
fplotssysgeneric.code.tex))
(C:\Users\Utilisateur\AppData\Local\Programs\MiKTeX\tex/generic/pgfplots/libs\p
gfplotslibrary.code.tex)
(C:\Users\Utilisateur\AppData\Local\Programs\MiKTeX\tex/generic/pgfplots/oldpgf
compatib\pgfplotsoldpgfsupp_loader.code.tex
(C:\Users\Utilisateur\AppData\Local\Programs\MiKTeX\tex/generic/pgf/libraries\p
gflibraryfpu.code.tex)
Package pgfplots: loading complementary utilities for your pgf version...
\t@pgf@toka=\toks38
\t@pgf@tokb=\toks39
\t@pgf@tokc=\toks40

(C:\Users\Utilisateur\AppData\Local\Programs\MiKTeX\tex/generic/pgfplots/oldpgf
compatib\pgfplotsoldpgfsupp_pgfutil-common-lists.tex))
(C:\Users\Utilisateur\AppData\Local\Programs\MiKTeX\tex/generic/pgfplots/util\p
gfplotsutil.code.tex
(C:\Users\Utilisateur\AppData\Local\Programs\MiKTeX\tex/generic/pgfplots/listst
ructure\pgfplotsliststructure.code.tex)
(C:\Users\Utilisateur\AppData\Local\Programs\MiKTeX\tex/generic/pgfplots/listst
ructure\pgfplotsliststructureext.code.tex)
(C:\Users\Utilisateur\AppData\Local\Programs\MiKTeX\tex/generic/pgfplots/listst
ructure\pgfplotsarray.code.tex
\c@pgfplotsarray@tmp=\count296
)
(C:\Users\Utilisateur\AppData\Local\Programs\MiKTeX\tex/generic/pgfplots/listst
ructure\pgfplotsmatrix.code.tex)
(C:\Users\Utilisateur\AppData\Local\Programs\MiKTeX\tex/generic/pgfplots/numtab
le\pgfplotstableshared.code.tex
\c@pgfplotstable@counta=\count297
\t@pgfplotstable@a=\toks41
)
(C:\Users\Utilisateur\AppData\Local\Programs\MiKTeX\tex/generic/pgfplots/listst
ructure\pgfplotsdeque.code.tex)
(C:\Users\Utilisateur\AppData\Local\Programs\MiKTeX\tex/generic/pgfplots/util\p
gfplotsbinary.code.tex
(C:\Users\Utilisateur\AppData\Local\Programs\MiKTeX\tex/generic/pgfplots/util\p
gfplotsbinary.data.code.tex))
(C:\Users\Utilisateur\AppData\Local\Programs\MiKTeX\tex/generic/pgfplots/util\p
gfplotsutil.verb.code.tex)
(C:\Users\Utilisateur\AppData\Local\Programs\MiKTeX\tex/generic/pgfplots/libs\p
gflibrarypgfplots.surfshading.code.tex
\c@pgfplotslibrarysurf@no=\count298

(C:\Users\Utilisateur\AppData\Local\Programs\MiKTeX\tex/generic/pgfplots/sys\pg
flibrarypgfplots.surfshading.pgfsys-pdftex.def)))
(C:\Users\Utilisateur\AppData\Local\Programs\MiKTeX\tex/generic/pgfplots/util\p
gfplotscolormap.code.tex
(C:\Users\Utilisateur\AppData\Local\Programs\MiKTeX\tex/generic/pgfplots/util\p
gfplotscolor.code.tex))
(C:\Users\Utilisateur\AppData\Local\Programs\MiKTeX\tex/generic/pgfplots\pgfplo
tsstackedplots.code.tex)
(C:\Users\Utilisateur\AppData\Local\Programs\MiKTeX\tex/generic/pgfplots\pgfplo
tsplothandlers.code.tex
(C:\Users\Utilisateur\AppData\Local\Programs\MiKTeX\tex/generic/pgfplots\pgfplo
tsmeshplothandler.code.tex
(C:\Users\Utilisateur\AppData\Local\Programs\MiKTeX\tex/generic/pgfplots\pgfplo
tsmeshplotimage.code.tex)))
(C:\Users\Utilisateur\AppData\Local\Programs\MiKTeX\tex/generic/pgfplots\pgfplo
ts.scaling.code.tex)
(C:\Users\Utilisateur\AppData\Local\Programs\MiKTeX\tex/generic/pgfplots\pgfplo
tscoordprocessing.code.tex)
(C:\Users\Utilisateur\AppData\Local\Programs\MiKTeX\tex/generic/pgfplots\pgfplo
ts.errorbars.code.tex)
(C:\Users\Utilisateur\AppData\Local\Programs\MiKTeX\tex/generic/pgfplots\pgfplo
ts.markers.code.tex)
(C:\Users\Utilisateur\AppData\Local\Programs\MiKTeX\tex/generic/pgfplots\pgfplo
tsticks.code.tex)
(C:\Users\Utilisateur\AppData\Local\Programs\MiKTeX\tex/generic/pgfplots\pgfplo
ts.paths.code.tex)
(C:\Users\Utilisateur\AppData\Local\Programs\MiKTeX\tex/generic/pgf/frontendlay
er/tikz/libraries\tikzlibrarydecorations.code.tex
(C:\Users\Utilisateur\AppData\Local\Programs\MiKTeX\tex/generic/pgf/modules\pgf
moduledecorations.code.tex
\pgfdecoratedcompleteddistance=\dimen270
\pgfdecoratedremainingdistance=\dimen271
\pgfdecoratedinputsegmentcompleteddistance=\dimen272
\pgfdecoratedinputsegmentremainingdistance=\dimen273
\pgf@decorate@distancetomove=\dimen274
\pgf@decorate@repeatstate=\count299
\pgfdecorationsegmentamplitude=\dimen275
\pgfdecorationsegmentlength=\dimen276
)
\tikz@lib@dec@box=\box64
)
(C:\Users\Utilisateur\AppData\Local\Programs\MiKTeX\tex/generic/pgf/frontendlay
er/tikz/libraries\tikzlibrarydecorations.pathmorphing.code.tex
(C:\Users\Utilisateur\AppData\Local\Programs\MiKTeX\tex/generic/pgf/libraries/d
ecorations\pgflibrarydecorations.pathmorphing.code.tex))
(C:\Users\Utilisateur\AppData\Local\Programs\MiKTeX\tex/generic/pgf/frontendlay
er/tikz/libraries\tikzlibrarydecorations.pathreplacing.code.tex
(C:\Users\Utilisateur\AppData\Local\Programs\MiKTeX\tex/generic/pgf/libraries/d
ecorations\pgflibrarydecorations.pathreplacing.code.tex))
(C:\Users\Utilisateur\AppData\Local\Programs\MiKTeX\tex/generic/pgfplots/libs\t
ikzlibrarypgfplots.contourlua.code.tex)
\pgfplots@numplots=\count300
\pgfplots@xmin@reg=\dimen277
\pgfplots@xmax@reg=\dimen278
\pgfplots@ymin@reg=\dimen279
\pgfplots@ymax@reg=\dimen280
\pgfplots@zmin@reg=\dimen281
\pgfplots@zmax@reg=\dimen282
)
(C:\Users\Utilisateur\AppData\Local\Programs\MiKTeX\tex/generic/pgf/frontendlay
er/tikz/libraries\tikzlibraryplotmarks.code.tex
File: tikzlibraryplotmarks.code.tex 2023-01-15 v3.1.10 (3.1.10)

(C:\Users\Utilisateur\AppData\Local\Programs\MiKTeX\tex/generic/pgf/libraries\p
gflibraryplotmarks.code.tex
File: pgflibraryplotmarks.code.tex 2023-01-15 v3.1.10 (3.1.10)
)))
(C:\Users\Utilisateur\AppData\Local\Programs\MiKTeX\tex/latex/booktabs\booktabs
.sty
Package: booktabs 2020/01/12 v1.61803398 Publication quality tables
\heavyrulewidth=\dimen283
\lightrulewidth=\dimen284
\cmidrulewidth=\dimen285
\belowrulesep=\dimen286
\belowbottomsep=\dimen287
\aboverulesep=\dimen288
\abovetopsep=\dimen289
\cmidrulesep=\dimen290
\cmidrulekern=\dimen291
\defaultaddspace=\dimen292
\@cmidla=\count301
\@cmidlb=\count302
\@aboverulesep=\dimen293
\@belowrulesep=\dimen294
\@thisruleclass=\count303
\@lastruleclass=\count304
\@thisrulewidth=\dimen295
)
(C:\Users\Utilisateur\AppData\Local\Programs\MiKTeX\tex/latex/nicematrix\nicema
trix.sty
(C:\Users\Utilisateur\AppData\Local\Programs\MiKTeX\tex/latex/l3packages/l3keys
2e\l3keys2e.sty
(C:\Users\Utilisateur\AppData\Local\Programs\MiKTeX\tex/latex/l3kernel\expl3.st
y
Package: expl3 2024-01-04 L3 programming layer (loader) 

(C:\Users\Utilisateur\AppData\Local\Programs\MiKTeX\tex/latex/l3backend\l3backe
nd-pdftex.def
File: l3backend-pdftex.def 2024-01-04 L3 backend support: PDF output (pdfTeX)
\l__color_backend_stack_int=\count305
\l__pdf_internal_box=\box65
))
Package: l3keys2e 2023-10-10 LaTeX2e option processing using LaTeX3 keys
)
Package: nicematrix 2024/10/29 v6.29a Enhanced arrays with the help of PGF/TikZ


(C:\Users\Utilisateur\AppData\Local\Programs\MiKTeX\tex/latex/amsmath\amsmath.s
ty
Package: amsmath 2023/05/13 v2.17o AMS math features
\@mathmargin=\skip52

For additional information on amsmath, use the `?' option.

(C:\Users\Utilisateur\AppData\Local\Programs\MiKTeX\tex/latex/amsmath\amstext.s
ty
Package: amstext 2021/08/26 v2.01 AMS text

(C:\Users\Utilisateur\AppData\Local\Programs\MiKTeX\tex/latex/amsmath\amsgen.st
y
File: amsgen.sty 1999/11/30 v2.0 generic functions
\@emptytoks=\toks42
\ex@=\dimen296
))
(C:\Users\Utilisateur\AppData\Local\Programs\MiKTeX\tex/latex/amsmath\amsbsy.st
y
Package: amsbsy 1999/11/29 v1.2d Bold Symbols
\pmbraise@=\dimen297
)
(C:\Users\Utilisateur\AppData\Local\Programs\MiKTeX\tex/latex/amsmath\amsopn.st
y
Package: amsopn 2022/04/08 v2.04 operator names
)
\inf@bad=\count306
LaTeX Info: Redefining \frac on input line 234.
\uproot@=\count307
\leftroot@=\count308
LaTeX Info: Redefining \overline on input line 399.
LaTeX Info: Redefining \colon on input line 410.
\classnum@=\count309
\DOTSCASE@=\count310
LaTeX Info: Redefining \ldots on input line 496.
LaTeX Info: Redefining \dots on input line 499.
LaTeX Info: Redefining \cdots on input line 620.
\Mathstrutbox@=\box66
\strutbox@=\box67
LaTeX Info: Redefining \big on input line 722.
LaTeX Info: Redefining \Big on input line 723.
LaTeX Info: Redefining \bigg on input line 724.
LaTeX Info: Redefining \Bigg on input line 725.
\big@size=\dimen298
LaTeX Font Info:    Redeclaring font encoding OML on input line 743.
LaTeX Font Info:    Redeclaring font encoding OMS on input line 744.
\macc@depth=\count311
LaTeX Info: Redefining \bmod on input line 905.
LaTeX Info: Redefining \pmod on input line 910.
LaTeX Info: Redefining \smash on input line 940.
LaTeX Info: Redefining \relbar on input line 970.
LaTeX Info: Redefining \Relbar on input line 971.
\c@MaxMatrixCols=\count312
\dotsspace@=\muskip16
\c@parentequation=\count313
\dspbrk@lvl=\count314
\tag@help=\toks43
\row@=\count315
\column@=\count316
\maxfields@=\count317
\andhelp@=\toks44
\eqnshift@=\dimen299
\alignsep@=\dimen300
\tagshift@=\dimen301
\tagwidth@=\dimen302
\totwidth@=\dimen303
\lineht@=\dimen304
\@envbody=\toks45
\multlinegap=\skip53
\multlinetaggap=\skip54
\mathdisplay@stack=\toks46
LaTeX Info: Redefining \[ on input line 2953.
LaTeX Info: Redefining \] on input line 2954.
)
\g__nicematrix_env_int=\count318
\g__nicematrix_NiceMatrixBlock_int=\count319
\g__nicematrix_notes_caption_int=\count320
\l__nicematrix_columns_width_dim=\dimen305
\l__nicematrix_col_width_dim=\dimen306
\g__nicematrix_row_total_int=\count321
\g__nicematrix_col_total_int=\count322
\g__nicematrix_last_row_node_int=\count323
\l__nicematrix_key_nb_rows_int=\count324
\g__nicematrix_blocks_wd_dim=\dimen307
\g__nicematrix_blocks_ht_dim=\dimen308
\g__nicematrix_blocks_dp_dim=\dimen309
\l__nicematrix_width_dim=\dimen310
\l__nicematrix_tabular_width_dim=\dimen311
\l__nicematrix_rule_width_dim=\dimen312
\l__nicematrix_old_iRow_int=\count325
\l__nicematrix_old_jCol_int=\count326
\g__nicematrix_total_X_weight_int=\count327
\l__nicematrix_X_columns_dim=\dimen313
\l__nicematrix_x_initial_dim=\dimen314
\l__nicematrix_y_initial_dim=\dimen315
\l__nicematrix_x_final_dim=\dimen316
\l__nicematrix_y_final_dim=\dimen317
\l__nicematrix_tmpc_dim=\dimen318
\l__nicematrix_tmpd_dim=\dimen319
\l__nicematrix_tmpe_dim=\dimen320
\l__nicematrix_tmpf_dim=\dimen321
\g__nicematrix_dp_row_zero_dim=\dimen322
\g__nicematrix_ht_row_zero_dim=\dimen323
\g__nicematrix_ht_row_one_dim=\dimen324
\g__nicematrix_dp_ante_last_row_dim=\dimen325
\g__nicematrix_ht_last_row_dim=\dimen326
\g__nicematrix_dp_last_row_dim=\dimen327
\g__nicematrix_width_last_col_dim=\dimen328
\g__nicematrix_width_first_col_dim=\dimen329
\l__nicematrix_row_min_int=\count328
\l__nicematrix_row_max_int=\count329
\l__nicematrix_col_min_int=\count330
\l__nicematrix_col_max_int=\count331
\l__nicematrix_start_int=\count332
\l__nicematrix_end_int=\count333
\l__nicematrix_local_start_int=\count334
\l__nicematrix_local_end_int=\count335
\g__nicematrix_static_num_of_col_int=\count336
\l__nicematrix_rounded_corners_dim=\dimen330
\l__nicematrix_tab_rounded_corners_dim=\dimen331
\l__nicematrix_offset_dim=\dimen332
\l__nicematrix_line_width_dim=\dimen333
\g__nicematrix_block_box_int=\count337
\l__nicematrix_submatrix_extra_height_dim=\dimen334
\l__nicematrix_submatrix_left_xshift_dim=\dimen335
\l__nicematrix_submatrix_right_xshift_dim=\dimen336
\l__nicematrix_first_row_int=\count338
\l__nicematrix_first_col_int=\count339
\l__nicematrix_last_row_int=\count340
\l__nicematrix_last_col_int=\count341
\c@tabularnote=\count342
\g__nicematrix_tabularnote_int=\count343
\c@nicematrix_draft=\count344
\l__nicematrix_cell_space_top_limit_dim=\dimen337
\l__nicematrix_cell_space_bottom_limit_dim=\dimen338
\l__nicematrix_xdots_inter_dim=\dimen339
\l__nicematrix_xdots_shorten_start_dim=\dimen340
\l__nicematrix_xdots_shorten_end_dim=\dimen341
\l__nicematrix_xdots_radius_dim=\dimen342
\l__nicematrix_notes_above_space_dim=\dimen343
\l__nicematrix_left_margin_dim=\dimen344
\l__nicematrix_right_margin_dim=\dimen345
\l__nicematrix_extra_left_margin_dim=\dimen346
\l__nicematrix_extra_right_margin_dim=\dimen347
\c__nicematrix_max_l_dim=\dimen348
\l__nicematrix_position_int=\count345
\l__nicematrix_multiplicity_int=\count346
\l__nicematrix_brace_yshift_dim=\dimen349
)
(C:\Users\Utilisateur\AppData\Local\Programs\MiKTeX\tex/latex/base\textcomp.sty
Package: textcomp 2020/02/02 v2.0n Standard LaTeX package
)
(C:\Users\Utilisateur\AppData\Local\Programs\MiKTeX\tex/latex/pdfpages\pdfpages
.sty
Package: pdfpages 2024/10/28 v0.6c Insert pages of external PDF documents (AM)

(C:\Users\Utilisateur\AppData\Local\Programs\MiKTeX\tex/latex/base\ifthen.sty
Package: ifthen 2022/04/13 v1.1d Standard LaTeX ifthen package (DPC)
)
(C:\Users\Utilisateur\AppData\Local\Programs\MiKTeX\tex/latex/tools\calc.sty
Package: calc 2023/07/08 v4.3 Infix arithmetic (KKT,FJ)
\calc@Acount=\count347
\calc@Bcount=\count348
\calc@Adimen=\dimen350
\calc@Bdimen=\dimen351
\calc@Askip=\skip55
\calc@Bskip=\skip56
LaTeX Info: Redefining \setlength on input line 80.
LaTeX Info: Redefining \addtolength on input line 81.
\calc@Ccount=\count349
\calc@Cskip=\skip57
)
(C:\Users\Utilisateur\AppData\Local\Programs\MiKTeX\tex/latex/eso-pic\eso-pic.s
ty
Package: eso-pic 2023/05/03 v3.0c eso-pic (RN)
\ESO@tempdima=\dimen352
\ESO@tempdimb=\dimen353
)
\AM@pagewidth=\dimen354
\AM@pageheight=\dimen355
\AM@fboxrule=\dimen356

(C:\Users\Utilisateur\AppData\Local\Programs\MiKTeX\tex/latex/pdfpages\pppdftex
.def
File: pppdftex.def 2024/10/28 v0.6c Pdfpages driver for pdfTeX (AM)
)
\pdfpages@includegraphics@status=\count350
\AM@pagebox=\box68
\AM@global@opts=\toks47
\AM@pagecnt=\count351
\AM@toc@title=\toks48
\AM@lof@heading=\toks49
\c@AM@survey=\count352
\AM@templatesizebox=\box69
)
(C:\Users\Utilisateur\AppData\Local\Programs\MiKTeX\tex/latex/ragged2e\ragged2e
.sty
Package: ragged2e 2023/06/22 v3.6 ragged2e Package
\CenteringLeftskip=\skip58
\RaggedLeftLeftskip=\skip59
\RaggedRightLeftskip=\skip60
\CenteringRightskip=\skip61
\RaggedLeftRightskip=\skip62
\RaggedRightRightskip=\skip63
\CenteringParfillskip=\skip64
\RaggedLeftParfillskip=\skip65
\RaggedRightParfillskip=\skip66
\JustifyingParfillskip=\skip67
\CenteringParindent=\skip68
\RaggedLeftParindent=\skip69
\RaggedRightParindent=\skip70
\JustifyingParindent=\skip71
)
(C:\Users\Utilisateur\AppData\Local\Programs\MiKTeX\tex/latex/doublestroke\dsfo
nt.sty
Package: dsfont 1995/08/01 v0.1 Double stroke roman fonts
)
(C:\Users\Utilisateur\AppData\Local\Programs\MiKTeX\tex/latex/amsfonts\amsfonts
.sty
Package: amsfonts 2013/01/14 v3.01 Basic AMSFonts support
\symAMSa=\mathgroup4
\symAMSb=\mathgroup5
LaTeX Font Info:    Redeclaring math symbol \hbar on input line 98.
LaTeX Font Info:    Overwriting math alphabet `\mathfrak' in version `bold'
(Font)                  U/euf/m/n --> U/euf/b/n on input line 106.
)
(C:\Users\Utilisateur\AppData\Local\Programs\MiKTeX\tex/latex/jknappen\mathrsfs
.sty
Package: mathrsfs 1996/01/01 Math RSFS package v1.0 (jk)
\symrsfs=\mathgroup6
)
(C:\Users\Utilisateur\AppData\Local\Programs\MiKTeX\tex/latex/amscls\amsthm.sty
Package: amsthm 2020/05/29 v2.20.6
\thm@style=\toks50
\thm@bodyfont=\toks51
\thm@headfont=\toks52
\thm@notefont=\toks53
\thm@headpunct=\toks54
\thm@preskip=\skip72
\thm@postskip=\skip73
\thm@headsep=\skip74
\dth@everypar=\toks55
)
(C:\Users\Utilisateur\AppData\Local\Programs\MiKTeX\tex/latex/amsfonts\amssymb.
sty
Package: amssymb 2013/01/14 v3.01 AMS font symbols
)
(C:\Users\Utilisateur\AppData\Local\Programs\MiKTeX\tex/latex/siunits\SIunits.s
ty
Package: SIunits 2007/12/02 v1.36 Support for the International System of units
 (MH)


\@qskwidth=\skip75
LaTeX Font Info:    Redeclaring font encoding TS1 on input line 46.
\symgreek=\mathgroup7

(C:\Users\Utilisateur\AppData\Local\Programs\MiKTeX\tex/latex/siunits\SIunits.c
fg)
Option `squaren' provided!
)
(C:\Users\Utilisateur\AppData\Local\Programs\MiKTeX\tex/latex/multirow\multirow
.sty
Package: multirow 2021/03/15 v2.8 Span multiple rows of a table
\multirow@colwidth=\skip76
\multirow@cntb=\count353
\multirow@dima=\skip77
\bigstrutjot=\dimen357
)
(C:\Users\Utilisateur\AppData\Local\Programs\MiKTeX\tex/latex/listings\listings
.sty
\lst@mode=\count354
\lst@gtempboxa=\box70
\lst@token=\toks56
\lst@length=\count355
\lst@currlwidth=\dimen358
\lst@column=\count356
\lst@pos=\count357
\lst@lostspace=\dimen359
\lst@width=\dimen360
\lst@newlines=\count358
\lst@lineno=\count359
\lst@maxwidth=\dimen361

(C:\Users\Utilisateur\AppData\Local\Programs\MiKTeX\tex/latex/listings\lstmisc.
sty
File: lstmisc.sty 2023/02/27 1.9 (Carsten Heinz)
\c@lstnumber=\count360
\lst@skipnumbers=\count361
\lst@framebox=\box71
)
(C:\Users\Utilisateur\AppData\Local\Programs\MiKTeX\tex/latex/listings\listings
.cfg
File: listings.cfg 2023/02/27 1.9 listings configuration
))
Package: listings 2023/02/27 1.9 (Carsten Heinz)

(C:\Users\Utilisateur\AppData\Local\Programs\MiKTeX\tex/latex/algorithms\algori
thm.sty
Package: algorithm 2009/08/24 v0.1 Document Style `algorithm' - floating enviro
nment

(C:\Users\Utilisateur\AppData\Local\Programs\MiKTeX\tex/latex/float\float.sty
Package: float 2001/11/08 v1.3d Float enhancements (AL)
\c@float@type=\count362
\float@exts=\toks57
\float@box=\box72
\@float@everytoks=\toks58
\@floatcapt=\box73
)
\@float@every@algorithm=\toks59
\c@algorithm=\count363
)
(C:\Users\Utilisateur\AppData\Local\Programs\MiKTeX\tex/latex/titlesec\titlesec
.sty
Package: titlesec 2023/10/27 v2.16 Sectioning titles
\ttl@box=\box74
\beforetitleunit=\skip78
\aftertitleunit=\skip79
\ttl@plus=\dimen362
\ttl@minus=\dimen363
\ttl@toksa=\toks60
\titlewidth=\dimen364
\titlewidthlast=\dimen365
\titlewidthfirst=\dimen366
)
(C:\Users\Utilisateur\AppData\Local\Programs\MiKTeX\tex/latex/enumitem\enumitem
.sty
Package: enumitem 2019/06/20 v3.9 Customized lists
\labelindent=\skip80
\enit@outerparindent=\dimen367
\enit@toks=\toks61
\enit@inbox=\box75
\enit@count@id=\count364
\enitdp@description=\count365
)
(C:\Users\Utilisateur\AppData\Local\Programs\MiKTeX\tex/latex/algorithmicx\algp
seudocode.sty
Package: algpseudocode 

(C:\Users\Utilisateur\AppData\Local\Programs\MiKTeX\tex/latex/algorithmicx\algo
rithmicx.sty
Package: algorithmicx 2005/04/27 v1.2 Algorithmicx

Document Style algorithmicx 1.2 - a greatly improved `algorithmic' style
\c@ALG@line=\count366
\c@ALG@rem=\count367
\c@ALG@nested=\count368
\ALG@tlm=\skip81
\ALG@thistlm=\skip82
\c@ALG@Lnr=\count369
\c@ALG@blocknr=\count370
\c@ALG@storecount=\count371
\c@ALG@tmpcounter=\count372
\ALG@tmplength=\skip83
)
Document Style - pseudocode environments for use with the `algorithmicx' style
) (C:\Users\Utilisateur\AppData\Local\Programs\MiKTeX\tex/latex/etoc\etoc.sty
Package: etoc 2023/10/29 v1.2d Completely customisable TOCs (JFB)

(C:\Users\Utilisateur\AppData\Local\Programs\MiKTeX\tex/latex/kvoptions\kvoptio
ns.sty
Package: kvoptions 2022-06-15 v3.15 Key value format for package options (HO)

(C:\Users\Utilisateur\AppData\Local\Programs\MiKTeX\tex/generic/ltxcmds\ltxcmds
.sty
Package: ltxcmds 2023-12-04 v1.26 LaTeX kernel commands for general use (HO)
)
(C:\Users\Utilisateur\AppData\Local\Programs\MiKTeX\tex/latex/kvsetkeys\kvsetke
ys.sty
Package: kvsetkeys 2022-10-05 v1.19 Key value parser (HO)
))
(C:\Users\Utilisateur\AppData\Local\Programs\MiKTeX\tex/latex/tools\multicol.st
y
Package: multicol 2023/03/30 v1.9f multicolumn formatting (FMi)
\c@tracingmulticols=\count373
\mult@box=\box76
\multicol@leftmargin=\dimen368
\c@unbalance=\count374
\c@collectmore=\count375
\doublecol@number=\count376
\multicoltolerance=\count377
\multicolpretolerance=\count378
\full@width=\dimen369
\page@free=\dimen370
\premulticols=\dimen371
\postmulticols=\dimen372
\multicolsep=\skip84
\multicolbaselineskip=\skip85
\partial@page=\box77
\last@line=\box78
\mc@boxedresult=\box79
\maxbalancingoverflow=\dimen373
\mult@rightbox=\box80
\mult@grightbox=\box81
\mult@firstbox=\box82
\mult@gfirstbox=\box83
\@tempa=\box84
\@tempa=\box85
\@tempa=\box86
\@tempa=\box87
\@tempa=\box88
\@tempa=\box89
\@tempa=\box90
\@tempa=\box91
\@tempa=\box92
\@tempa=\box93
\@tempa=\box94
\@tempa=\box95
\@tempa=\box96
\@tempa=\box97
\@tempa=\box98
\@tempa=\box99
\@tempa=\box100
\@tempa=\box101
\@tempa=\box102
\@tempa=\box103
\@tempa=\box104
\@tempa=\box105
\@tempa=\box106
\@tempa=\box107
\@tempa=\box108
\@tempa=\box109
\@tempa=\box110
\@tempa=\box111
\@tempa=\box112
\@tempa=\box113
\@tempa=\box114
\@tempa=\box115
\@tempa=\box116
\@tempa=\box117
\@tempa=\box118
\@tempa=\box119
\c@minrows=\count379
\c@columnbadness=\count380
\c@finalcolumnbadness=\count381
\last@try=\dimen374
\multicolovershoot=\dimen375
\multicolundershoot=\dimen376
\mult@nat@firstbox=\box120
\colbreak@box=\box121
\mc@col@check@num=\count382
)
\Etoc@toctoks=\toks62
\c@etoc@tocid=\count383
\etoc@framed@titlebox=\box122
\etoc@framed@contentsbox=\box123
)
(C:\Users\Utilisateur\AppData\Local\Programs\MiKTeX\tex/latex/stmaryrd\stmaryrd
.sty
Package: stmaryrd 1994/03/03 St Mary's Road symbol package
\symstmry=\mathgroup8
LaTeX Font Info:    Overwriting symbol font `stmry' in version `bold'
(Font)                  U/stmry/m/n --> U/stmry/b/n on input line 89.
)
(C:\Users\Utilisateur\AppData\Local\Programs\MiKTeX\tex/latex/wrapfig\wrapfig.s
ty
\wrapoverhang=\dimen377
\WF@size=\dimen378
\c@WF@wrappedlines=\count384
\WF@box=\box124
\WF@everypar=\toks63
Package: wrapfig 2003/01/31  v 3.6
)
(C:\Users\Utilisateur\AppData\Local\Programs\MiKTeX\tex/latex/hyperref\hyperref
.sty
Package: hyperref 2023-11-26 v7.01g Hypertext links for LaTeX

(C:\Users\Utilisateur\AppData\Local\Programs\MiKTeX\tex/generic/infwarerr\infwa
rerr.sty
Package: infwarerr 2019/12/03 v1.5 Providing info/warning/error messages (HO)
)
(C:\Users\Utilisateur\AppData\Local\Programs\MiKTeX\tex/generic/kvdefinekeys\kv
definekeys.sty
Package: kvdefinekeys 2019-12-19 v1.6 Define keys (HO)
)
(C:\Users\Utilisateur\AppData\Local\Programs\MiKTeX\tex/generic/pdfescape\pdfes
cape.sty
Package: pdfescape 2019/12/09 v1.15 Implements pdfTeX's escape features (HO)

(C:\Users\Utilisateur\AppData\Local\Programs\MiKTeX\tex/generic/pdftexcmds\pdft
excmds.sty
Package: pdftexcmds 2020-06-27 v0.33 Utility functions of pdfTeX for LuaTeX (HO
)
Package pdftexcmds Info: \pdf@primitive is available.
Package pdftexcmds Info: \pdf@ifprimitive is available.
Package pdftexcmds Info: \pdfdraftmode found.
))
(C:\Users\Utilisateur\AppData\Local\Programs\MiKTeX\tex/latex/hycolor\hycolor.s
ty
Package: hycolor 2020-01-27 v1.10 Color options for hyperref/bookmark (HO)
)
(C:\Users\Utilisateur\AppData\Local\Programs\MiKTeX\tex/latex/letltxmacro\letlt
xmacro.sty
Package: letltxmacro 2019/12/03 v1.6 Let assignment for LaTeX macros (HO)
)
(C:\Users\Utilisateur\AppData\Local\Programs\MiKTeX\tex/latex/auxhook\auxhook.s
ty
Package: auxhook 2019-12-17 v1.6 Hooks for auxiliary files (HO)
)
(C:\Users\Utilisateur\AppData\Local\Programs\MiKTeX\tex/latex/hyperref\nameref.
sty
Package: nameref 2023-11-26 v2.56 Cross-referencing by name of section

(C:\Users\Utilisateur\AppData\Local\Programs\MiKTeX\tex/latex/refcount\refcount
.sty
Package: refcount 2019/12/15 v3.6 Data extraction from label references (HO)
)
(C:\Users\Utilisateur\AppData\Local\Programs\MiKTeX\tex/generic/gettitlestring\
gettitlestring.sty
Package: gettitlestring 2019/12/15 v1.6 Cleanup title references (HO)
)
\c@section@level=\count385
)
(C:\Users\Utilisateur\AppData\Local\Programs\MiKTeX\tex/latex/etoolbox\etoolbox
.sty
Package: etoolbox 2020/10/05 v2.5k e-TeX tools for LaTeX (JAW)
\etb@tempcnta=\count386
)
\@linkdim=\dimen379
\Hy@linkcounter=\count387
\Hy@pagecounter=\count388

(C:\Users\Utilisateur\AppData\Local\Programs\MiKTeX\tex/latex/hyperref\pd1enc.d
ef
File: pd1enc.def 2023-11-26 v7.01g Hyperref: PDFDocEncoding definition (HO)
Now handling font encoding PD1 ...
... no UTF-8 mapping file for font encoding PD1
)
(C:\Users\Utilisateur\AppData\Local\Programs\MiKTeX\tex/generic/intcalc\intcalc
.sty
Package: intcalc 2019/12/15 v1.3 Expandable calculations with integers (HO)
)
\Hy@SavedSpaceFactor=\count389

(C:\Users\Utilisateur\AppData\Local\Programs\MiKTeX\tex/latex/hyperref\puenc.de
f
File: puenc.def 2023-11-26 v7.01g Hyperref: PDF Unicode definition (HO)
Now handling font encoding PU ...
... no UTF-8 mapping file for font encoding PU
)
Package hyperref Info: Hyper figures OFF on input line 4181.
Package hyperref Info: Link nesting OFF on input line 4186.
Package hyperref Info: Hyper index ON on input line 4189.
Package hyperref Info: Plain pages OFF on input line 4196.
Package hyperref Info: Backreferencing OFF on input line 4201.
Package hyperref Info: Implicit mode ON; LaTeX internals redefined.
Package hyperref Info: Bookmarks ON on input line 4448.
\c@Hy@tempcnt=\count390
 (C:\Users\Utilisateur\AppData\Local\Programs\MiKTeX\tex/latex/url\url.sty
\Urlmuskip=\muskip17
Package: url 2013/09/16  ver 3.4  Verb mode for urls, etc.
)
LaTeX Info: Redefining \url on input line 4786.
\XeTeXLinkMargin=\dimen380

(C:\Users\Utilisateur\AppData\Local\Programs\MiKTeX\tex/generic/bitset\bitset.s
ty
Package: bitset 2019/12/09 v1.3 Handle bit-vector datatype (HO)

(C:\Users\Utilisateur\AppData\Local\Programs\MiKTeX\tex/generic/bigintcalc\bigi
ntcalc.sty
Package: bigintcalc 2019/12/15 v1.5 Expandable calculations on big integers (HO
)
))
\Fld@menulength=\count391
\Field@Width=\dimen381
\Fld@charsize=\dimen382
Package hyperref Info: Hyper figures OFF on input line 6065.
Package hyperref Info: Link nesting OFF on input line 6070.
Package hyperref Info: Hyper index ON on input line 6073.
Package hyperref Info: backreferencing OFF on input line 6080.
Package hyperref Info: Link coloring OFF on input line 6085.
Package hyperref Info: Link coloring with OCG OFF on input line 6090.
Package hyperref Info: PDF/A mode OFF on input line 6095.

(C:\Users\Utilisateur\AppData\Local\Programs\MiKTeX\tex/latex/base\atbegshi-ltx
.sty
Package: atbegshi-ltx 2021/01/10 v1.0c Emulation of the original atbegshi
package with kernel methods
)
\Hy@abspage=\count392
\c@Item=\count393
\c@Hfootnote=\count394
)
Package hyperref Info: Driver (autodetected): hpdftex.

(C:\Users\Utilisateur\AppData\Local\Programs\MiKTeX\tex/latex/hyperref\hpdftex.
def
File: hpdftex.def 2023-11-26 v7.01g Hyperref driver for pdfTeX

(C:\Users\Utilisateur\AppData\Local\Programs\MiKTeX\tex/latex/base\atveryend-lt
x.sty
Package: atveryend-ltx 2020/08/19 v1.0a Emulation of the original atveryend pac
kage
with kernel methods
)
\Fld@listcount=\count395
\c@bookmark@seq@number=\count396

(C:\Users\Utilisateur\AppData\Local\Programs\MiKTeX\tex/latex/rerunfilecheck\re
runfilecheck.sty
Package: rerunfilecheck 2022-07-10 v1.10 Rerun checks for auxiliary files (HO)

(C:\Users\Utilisateur\AppData\Local\Programs\MiKTeX\tex/generic/uniquecounter\u
niquecounter.sty
Package: uniquecounter 2019/12/15 v1.4 Provide unlimited unique counter (HO)
)
Package uniquecounter Info: New unique counter `rerunfilecheck' on input line 2
85.
)
\Hy@SectionHShift=\skip86
)
(C:\Users\Utilisateur\AppData\Local\Programs\MiKTeX\tex/latex/caption\caption.s
ty
Package: caption 2023/08/05 v3.6o Customizing captions (AR)

(C:\Users\Utilisateur\AppData\Local\Programs\MiKTeX\tex/latex/caption\caption3.
sty
Package: caption3 2023/07/31 v2.4d caption3 kernel (AR)
\caption@tempdima=\dimen383
\captionmargin=\dimen384
\caption@leftmargin=\dimen385
\caption@rightmargin=\dimen386
\caption@width=\dimen387
\caption@indent=\dimen388
\caption@parindent=\dimen389
\caption@hangindent=\dimen390
Package caption Info: Standard document class detected.
Package caption Info: french babel package is loaded.
)
\c@caption@flags=\count397
\c@continuedfloat=\count398
Package caption Info: float package is loaded.
Package caption Info: hyperref package is loaded.
Package caption Info: listings package is loaded.
Package caption Info: wrapfig package is loaded.
)
\c@theorem=\count399
\c@corollary=\count400
\c@remark=\count401
\c@proposition=\count402
\c@definition=\count403
\c@example=\count404
\c@question=\count405

(C:\Users\Utilisateur\AppData\Local\Programs\MiKTeX\tex/latex/spath3\tikzlibrar
ycalligraphy.code.tex
(C:\Users\Utilisateur\AppData\Local\Programs\MiKTeX\tex/latex/spath3\spath3.sty
Package: spath3 2024/05/31 v2.8 Functions for manipulating PGF soft paths

(C:\Users\Utilisateur\AppData\Local\Programs\MiKTeX\tex/latex/l3packages/xparse
\xparse.sty
Package: xparse 2023-10-10 L3 Experimental document command parser
)
\g__spath_output_int=\count406
\l__spath_tmpa_dim=\dimen391
\l__spath_tmpb_dim=\dimen392
\l__spath_tmpa_int=\count407
\l__spath_tmpb_int=\count408
\l__spath_move_x_dim=\dimen393
\l__spath_move_y_dim=\dimen394
\l__spath_rectx_dim=\dimen395
\l__spath_recty_dim=\dimen396
\g__spath_anon_int=\count409
)
\l__cal_tmpa_int=\count410
\l__cal_tmpb_int=\count411
\g__cal_path_component_int=\count412
\g__cal_label_int=\count413
\l__cal_tmpa_dim=\dimen397
\l__cal_tmpb_dim=\dimen398
\l__cal_tmpc_dim=\dimen399
\l__cal_tmpd_dim=\dimen400
\l__cal_tmpe_dim=\dimen401
\l__cal_tmpf_dim=\dimen402
\l__cal_tmpg_dim=\dimen403
\l__cal_tmph_dim=\dimen404
\l__cal_taper_width_dim=\dimen405
\l__cal_line_width_dim=\dimen406
)
(C:\Users\Utilisateur\AppData\Local\Programs\MiKTeX\tex/generic/pgf/frontendlay
er/tikz/libraries\tikzlibraryautomata.code.tex
File: tikzlibraryautomata.code.tex 2023-01-15 v3.1.10 (3.1.10)

(C:\Users\Utilisateur\AppData\Local\Programs\MiKTeX\tex/generic/pgf/frontendlay
er/tikz/libraries\tikzlibraryshapes.multipart.code.tex
File: tikzlibraryshapes.multipart.code.tex 2023-01-15 v3.1.10 (3.1.10)

(C:\Users\Utilisateur\AppData\Local\Programs\MiKTeX\tex/generic/pgf/libraries/s
hapes\pgflibraryshapes.multipart.code.tex
File: pgflibraryshapes.multipart.code.tex 2023-01-15 v3.1.10 (3.1.10)
\pgfnodepartlowerbox=\box125
\pgfnodeparttwobox=\box126
\pgfnodepartthreebox=\box127
\pgfnodepartfourbox=\box128
\pgfnodeparttwentybox=\box129
\pgfnodepartnineteenbox=\box130
\pgfnodeparteighteenbox=\box131
\pgfnodepartseventeenbox=\box132
\pgfnodepartsixteenbox=\box133
\pgfnodepartfifteenbox=\box134
\pgfnodepartfourteenbox=\box135
\pgfnodepartthirteenbox=\box136
\pgfnodeparttwelvebox=\box137
\pgfnodepartelevenbox=\box138
\pgfnodeparttenbox=\box139
\pgfnodepartninebox=\box140
\pgfnodeparteightbox=\box141
\pgfnodepartsevenbox=\box142
\pgfnodepartsixbox=\box143
\pgfnodepartfivebox=\box144
)))
(C:\Users\Utilisateur\AppData\Local\Programs\MiKTeX\tex/generic/pgf/frontendlay
er/tikz/libraries\tikzlibraryarrows.code.tex
File: tikzlibraryarrows.code.tex 2023-01-15 v3.1.10 (3.1.10)

(C:\Users\Utilisateur\AppData\Local\Programs\MiKTeX\tex/generic/pgf/libraries\p
gflibraryarrows.code.tex
File: pgflibraryarrows.code.tex 2023-01-15 v3.1.10 (3.1.10)
\arrowsize=\dimen407
))
(C:\Users\Utilisateur\AppData\Local\Programs\MiKTeX\tex/generic/pgf/frontendlay
er/tikz/libraries\tikzlibrarycalc.code.tex
File: tikzlibrarycalc.code.tex 2023-01-15 v3.1.10 (3.1.10)
)
(C:\Users\Utilisateur\AppData\Local\Programs\MiKTeX\tex/generic/pgf/frontendlay
er/tikz/libraries\tikzlibrarymatrix.code.tex
File: tikzlibrarymatrix.code.tex 2023-01-15 v3.1.10 (3.1.10)
)
(C:\Users\Utilisateur\AppData\Local\Programs\MiKTeX\tex/generic/pgf/frontendlay
er/tikz/libraries\tikzlibrarypositioning.code.tex
File: tikzlibrarypositioning.code.tex 2023-01-15 v3.1.10 (3.1.10)
)
(C:\Users\Utilisateur\AppData\Local\Programs\MiKTeX\tex/generic/pgf/frontendlay
er/tikz/libraries\tikzlibrarymath.code.tex
(C:\Users\Utilisateur\AppData\Local\Programs\MiKTeX\tex/generic/pgf/frontendlay
er/tikz/libraries\tikzlibraryfpu.code.tex)
\tikz@math@for@depth=\count414
\tikz@math@dimen=\dimen408
\tikz@math@toks=\toks64
)
(C:\Users\Utilisateur\AppData\Local\Programs\MiKTeX\tex/latex/tcolorbox\tcolorb
ox.sty
Package: tcolorbox 2024/01/10 version 6.2.0 text color boxes

(C:\Users\Utilisateur\AppData\Local\Programs\MiKTeX\tex/latex/tools\verbatim.st
y
Package: verbatim 2023-11-06 v1.5v LaTeX2e package for verbatim enhancements
\every@verbatim=\toks65
\verbatim@line=\toks66
\verbatim@in@stream=\read4
)
(C:\Users\Utilisateur\AppData\Local\Programs\MiKTeX\tex/latex/environ\environ.s
ty
Package: environ 2014/05/04 v0.3 A new way to define environments

(C:\Users\Utilisateur\AppData\Local\Programs\MiKTeX\tex/latex/trimspaces\trimsp
aces.sty
Package: trimspaces 2009/09/17 v1.1 Trim spaces around a token list
))
\tcb@titlebox=\box145
\tcb@upperbox=\box146
\tcb@lowerbox=\box147
\tcb@phantombox=\box148
\c@tcbbreakpart=\count415
\c@tcblayer=\count416
\c@tcolorbox@number=\count417
\l__tcobox_tmpa_box=\box149
\l__tcobox_tmpa_dim=\dimen409
\tcb@temp=\box150
\tcb@temp=\box151
\tcb@temp=\box152
\tcb@temp=\box153
)
(C:\Users\Utilisateur\AppData\Local\Programs\MiKTeX\tex/latex/tcolorbox\tcbtheo
rems.code.tex
Library (tcolorbox): 'tcbtheorems.code.tex' version '6.2.0'
)
\c@tcb@cnt@définition=\count418
\c@tcb@cnt@théorème=\count419
\c@tcb@cnt@propositionfr=\count420
\c@tcb@cnt@corollaire=\count421
\c@tcb@cnt@lemme=\count422
\c@tcb@cnt@remarque=\count423
)
(C:\Users\Utilisateur\AppData\Local\Programs\MiKTeX\tex/latex/contour\contour.s
ty
Package: contour 2004/11/18 v2.14 Print contoured text (HH, MH)
\con@length=\skip87

Loading configuration file `contour.cfg'.

(C:\Users\Utilisateur\AppData\Local\Programs\MiKTeX\tex/latex/contour\contour.c
fg
File: contour.cfg 2004/11/18 v2.14 Print contoured text (HH, MH)
)
contour: Using driver file `pdftex.cnt'.

(C:\Users\Utilisateur\AppData\Local\Programs\MiKTeX\tex/latex/contour\pdftex.cn
t
File: pdftex.cnt 2004/11/18 v2.14 Print contoured text (HH, MH)
)) (Poly_Linéarité_1.aux)
\openout1 = `Poly_Linéarité_1.aux'.

LaTeX Font Info:    Checking defaults for OML/cmm/m/it on input line 16.
LaTeX Font Info:    ... okay on input line 16.
LaTeX Font Info:    Checking defaults for OMS/cmsy/m/n on input line 16.
LaTeX Font Info:    ... okay on input line 16.
LaTeX Font Info:    Checking defaults for OT1/cmr/m/n on input line 16.
LaTeX Font Info:    ... okay on input line 16.
LaTeX Font Info:    Checking defaults for T1/cmr/m/n on input line 16.
LaTeX Font Info:    ... okay on input line 16.
LaTeX Font Info:    Checking defaults for TS1/cmr/m/n on input line 16.
LaTeX Font Info:    ... okay on input line 16.
LaTeX Font Info:    Checking defaults for OMX/cmex/m/n on input line 16.
LaTeX Font Info:    ... okay on input line 16.
LaTeX Font Info:    Checking defaults for U/cmr/m/n on input line 16.
LaTeX Font Info:    ... okay on input line 16.
LaTeX Font Info:    Checking defaults for PD1/pdf/m/n on input line 16.
LaTeX Font Info:    ... okay on input line 16.
LaTeX Font Info:    Checking defaults for PU/pdf/m/n on input line 16.
LaTeX Font Info:    ... okay on input line 16.

*geometry* driver: auto-detecting
*geometry* detected driver: pdftex
*geometry* verbose mode - [ preamble ] result:
* driver: pdftex
* paper: a4paper
* layout: <same size as paper>
* layoutoffset:(h,v)=(0.0pt,0.0pt)
* modes: 
* h-part:(L,W,R)=(85.35826pt, 426.79135pt, 85.35826pt)
* v-part:(T,H,B)=(85.35826pt, 674.33032pt, 85.35826pt)
* \paperwidth=597.50787pt
* \paperheight=845.04684pt
* \textwidth=426.79135pt
* \textheight=674.33032pt
* \oddsidemargin=13.08827pt
* \evensidemargin=13.08827pt
* \topmargin=-23.91173pt
* \headheight=12.0pt
* \headsep=25.0pt
* \topskip=10.0pt
* \footskip=30.0pt
* \marginparwidth=65.0pt
* \marginparsep=11.0pt
* \columnsep=10.0pt
* \skip\footins=9.0pt plus 4.0pt minus 2.0pt
* \hoffset=0.0pt
* \voffset=0.0pt
* \mag=1000
* \@twocolumnfalse
* \@twosidefalse
* \@mparswitchfalse
* \@reversemarginfalse
* (1in=72.27pt=25.4mm, 1cm=28.453pt)

LaTeX Info: Redefining \degres on input line 16.
Package french.ldf Info: Setting StandardItemizeEnv=true for
(french.ldf)             compatibility with enumitem package,
(french.ldf)             reported on input line 16.
Package french.ldf Info: Setting StandardEnumerateEnv=true for
(french.ldf)             compatibility with enumitem package,
(french.ldf)             reported on input line 16.
LaTeX Info: Redefining \up on input line 16.

(C:\Users\Utilisateur\AppData\Local\Programs\MiKTeX\tex/context/base/mkii\supp-
pdf.mkii
[Loading MPS to PDF converter (version 2006.09.02).]
\scratchcounter=\count424
\scratchdimen=\dimen410
\scratchbox=\box154
\nofMPsegments=\count425
\nofMParguments=\count426
\everyMPshowfont=\toks67
\MPscratchCnt=\count427
\MPscratchDim=\dimen411
\MPnumerator=\count428
\makeMPintoPDFobject=\count429
\everyMPtoPDFconversion=\toks68
)
(C:\Users\Utilisateur\AppData\Local\Programs\MiKTeX\tex/latex/epstopdf-pkg\epst
opdf-base.sty
Package: epstopdf-base 2020-01-24 v2.11 Base part for package epstopdf

(C:\Users\Utilisateur\AppData\Local\Programs\MiKTeX\tex/latex/grfext\grfext.sty
Package: grfext 2019/12/03 v1.3 Manage graphics extensions (HO)
)
Package epstopdf-base Info: Redefining graphics rule for `.eps' on input line 4
85.
Package grfext Info: Graphics extension search list:
(grfext)             [.pdf,.png,.jpg,.mps,.jpeg,.jbig2,.jb2,.PDF,.PNG,.JPG,.JPE
G,.JBIG2,.JB2,.eps]
(grfext)             \AppendGraphicsExtensions on input line 504.

(C:\Users\Utilisateur\AppData\Local\Programs\MiKTeX\tex/latex/00miktex\epstopdf
-sys.cfg
File: epstopdf-sys.cfg 2021/03/18 v2.0 Configuration of epstopdf for MiKTeX
))
Package pgfplots notification 'compat/show suggested version=true': document ha
s been generated with the most recent feature set (\pgfplotsset{compat=1.18}).

\c__nicematrix_shift_Ldots_last_row_dim=\dimen412
\c__nicematrix_shift_exterior_Vdots_dim=\dimen413
\c__nicematrix_innersep_middle_dim=\dimen414
\c@tabularnotesi=\count430
\enitdp@tabularnotes=\count431
\c@tabularnotes*i=\count432
\enitdp@tabularnotes*=\count433

(C:\Users\Utilisateur\AppData\Local\Programs\MiKTeX\tex/latex/pdflscape\pdflsca
pe.sty
Package: pdflscape 2022-10-27 v0.13 Display of landscape pages in PDF

(C:\Users\Utilisateur\AppData\Local\Programs\MiKTeX\tex/latex/pdflscape\pdflsca
pe-nometadata.sty
Package: pdflscape-nometadata 2022-10-28 v0.13 Display of landscape pages in PD
F (HO)

(C:\Users\Utilisateur\AppData\Local\Programs\MiKTeX\tex/latex/graphics\lscape.s
ty
Package: lscape 2020/05/28 v3.02 Landscape Pages (DPC)
)
Package pdflscape Info: Auto-detected driver: pdftex on input line 81.
))
Option `squaren' provided! 
 Command \squaren defined by SIunits package!

\c@lstlisting=\count434
No file Poly_Linéarité_1.toc.
Package hyperref Info: Link coloring OFF on input line 16.
(Poly_Linéarité_1.out) (Poly_Linéarité_1.out)
\@outlinefile=\write4
\openout4 = `Poly_Linéarité_1.out'.

Package caption Info: Begin \AtBeginDocument code.
Package caption Info: End \AtBeginDocument code.
LaTeX Font Info:    Trying to load font information for TS1+lmr on input line 1
6.

(C:\Users\Utilisateur\AppData\Local\Programs\MiKTeX\tex/latex/lm\ts1lmr.fd
File: ts1lmr.fd 2015/05/01 v1.6.1 Font defs for Latin Modern
)
LaTeX Font Info:    Trying to load font information for OT1+lmr on input line 1
6.

(C:\Users\Utilisateur\AppData\Local\Programs\MiKTeX\tex/latex/lm\ot1lmr.fd
File: ot1lmr.fd 2015/05/01 v1.6.1 Font defs for Latin Modern
)<<ot1.cmap>>
LaTeX Font Info:    Trying to load font information for OML+lmm on input line 1
6.

(C:\Users\Utilisateur\AppData\Local\Programs\MiKTeX\tex/latex/lm\omllmm.fd
File: omllmm.fd 2015/05/01 v1.6.1 Font defs for Latin Modern
)<<oml.cmap>>
LaTeX Font Info:    Trying to load font information for OMS+lmsy on input line 
16.

(C:\Users\Utilisateur\AppData\Local\Programs\MiKTeX\tex/latex/lm\omslmsy.fd
File: omslmsy.fd 2015/05/01 v1.6.1 Font defs for Latin Modern
)<<oms.cmap>>
LaTeX Font Info:    Trying to load font information for OMX+lmex on input line 
16.

(C:\Users\Utilisateur\AppData\Local\Programs\MiKTeX\tex/latex/lm\omxlmex.fd
File: omxlmex.fd 2015/05/01 v1.6.1 Font defs for Latin Modern
)
LaTeX Font Info:    External font `lmex10' loaded for size
(Font)              <12> on input line 16.
<<omx.cmap>>
LaTeX Font Info:    External font `lmex10' loaded for size
(Font)              <8> on input line 16.
LaTeX Font Info:    External font `lmex10' loaded for size
(Font)              <6> on input line 16.
LaTeX Font Info:    Trying to load font information for U+msa on input line 16.


(C:\Users\Utilisateur\AppData\Local\Programs\MiKTeX\tex/latex/amsfonts\umsa.fd
File: umsa.fd 2013/01/14 v3.01 AMS symbols A
)
LaTeX Font Info:    Trying to load font information for U+msb on input line 16.

(C:\Users\Utilisateur\AppData\Local\Programs\MiKTeX\tex/latex/amsfonts\umsb.fd
File: umsb.fd 2013/01/14 v3.01 AMS symbols B
)
LaTeX Font Info:    Trying to load font information for U+rsfs on input line 16
.

(C:\Users\Utilisateur\AppData\Local\Programs\MiKTeX\tex/latex/jknappen\ursfs.fd
File: ursfs.fd 1998/03/24 rsfs font definition file (jk)
)
LaTeX Font Info:    Trying to load font information for U+stmry on input line 1
6.

(C:\Users\Utilisateur\AppData\Local\Programs\MiKTeX\tex/latex/stmaryrd\ustmry.f
d)
<ens_psl.pdf, id=51, 136.57294pt x 55.74188pt>
File: ens_psl.pdf Graphic file (type pdf)
<use ens_psl.pdf>
Package pdftex.def Info: ens_psl.pdf  used on input line 16.
(pdftex.def)             Requested size: 147.01308pt x 60.0pt.
LaTeX Font Info:    External font `lmex10' loaded for size
(Font)              <10> on input line 22.
LaTeX Font Info:    External font `lmex10' loaded for size
(Font)              <7> on input line 22.
LaTeX Font Info:    External font `lmex10' loaded for size
(Font)              <5> on input line 22.
 [1

{C:/Users/Utilisateur/AppData/Local/MiKTeX/fonts/map/pdftex/pdftex.map}{C:/User
s/Utilisateur/AppData/Local/Programs/MiKTeX/fonts/enc/dvips/lm/lm-ec.enc}{C:/Us
ers/Utilisateur/AppData/Local/Programs/MiKTeX/fonts/enc/dvips/lm/lm-ts1.enc}{C:
/Users/Utilisateur/AppData/Local/Programs/MiKTeX/fonts/enc/dvips/lm/lm-mathit.e
nc}{C:/Users/Utilisateur/AppData/Local/Programs/MiKTeX/fonts/enc/dvips/lm/lm-ma
thsy.enc}{C:/Users/Utilisateur/AppData/Local/Programs/MiKTeX/fonts/enc/dvips/lm
/lm-rm.enc} <./ens_psl.pdf>]

Package hyperref Warning: Token not allowed in a PDF string (Unicode):
(hyperref)                removing `math shift' on input line 72.


Package hyperref Warning: Token not allowed in a PDF string (Unicode):
(hyperref)                removing `superscript' on input line 72.


Package hyperref Warning: Token not allowed in a PDF string (Unicode):
(hyperref)                removing `math shift' on input line 72.


Package hyperref Warning: Token not allowed in a PDF string (Unicode):
(hyperref)                removing `math shift' on input line 83.


Package hyperref Warning: Token not allowed in a PDF string (Unicode):
(hyperref)                removing `superscript' on input line 83.


Package hyperref Warning: Token not allowed in a PDF string (Unicode):
(hyperref)                removing `math shift' on input line 83.

[2] [3{C:/Users/Utilisateur/AppData/Local/Programs/MiKTeX/fonts/enc/dvips/lm/lm
-mathex.enc}] [4] (Poly_Linéarité_1.aux)
 ***********
LaTeX2e <2023-11-01> patch level 1
L3 programming layer <2024-01-04>
 ***********
Package rerunfilecheck Info: File `Poly_Linéarité_1.out' has not changed.
(rerunfilecheck)             Checksum: 15AC4918F11C1AC9D6277F2DF5D7E39B;1767.
 ) 
Here is how much of TeX's memory you used:
 47365 strings out of 474486
 1106354 string characters out of 5740923
 1949542 words of memory out of 5000000
 68795 multiletter control sequences out of 15000+600000
 615346 words of font info for 98 fonts, out of 8000000 for 9000
 1141 hyphenation exceptions out of 8191
 117i,14n,121p,795b,609s stack positions out of 10000i,1000n,20000p,200000b,200000s
<C:/Users/Utilisateur/AppData/Local/Programs/MiKTeX/fonts/type1/public/lm/lmb
x10.pfb><C:/Users/Utilisateur/AppData/Local/Programs/MiKTeX/fonts/type1/public/
lm/lmbx12.pfb><C:/Users/Utilisateur/AppData/Local/Programs/MiKTeX/fonts/type1/p
ublic/lm/lmex10.pfb><C:/Users/Utilisateur/AppData/Local/Programs/MiKTeX/fonts/t
ype1/public/lm/lmmi10.pfb><C:/Users/Utilisateur/AppData/Local/Programs/MiKTeX/f
onts/type1/public/lm/lmmi7.pfb><C:/Users/Utilisateur/AppData/Local/Programs/MiK
TeX/fonts/type1/public/lm/lmr10.pfb><C:/Users/Utilisateur/AppData/Local/Program
s/MiKTeX/fonts/type1/public/lm/lmr12.pfb><C:/Users/Utilisateur/AppData/Local/Pr
ograms/MiKTeX/fonts/type1/public/lm/lmr17.pfb><C:/Users/Utilisateur/AppData/Loc
al/Programs/MiKTeX/fonts/type1/public/lm/lmr7.pfb><C:/Users/Utilisateur/AppData
/Local/Programs/MiKTeX/fonts/type1/public/lm/lmr8.pfb><C:/Users/Utilisateur/App
Data/Local/Programs/MiKTeX/fonts/type1/public/lm/lmr9.pfb><C:/Users/Utilisateur
/AppData/Local/Programs/MiKTeX/fonts/type1/public/lm/lmri10.pfb><C:/Users/Utili
sateur/AppData/Local/Programs/MiKTeX/fonts/type1/public/lm/lmsy10.pfb><C:/Users
/Utilisateur/AppData/Local/Programs/MiKTeX/fonts/type1/public/lm/lmsy7.pfb><C:/
Users/Utilisateur/AppData/Local/Programs/MiKTeX/fonts/type1/public/amsfonts/sym
bols/msbm10.pfb>
Output written on Poly_Linéarité_1.pdf (4 pages, 298579 bytes).
PDF statistics:
 191 PDF objects out of 1000 (max. 8388607)
 38 named destinations out of 1000 (max. 500000)
 118 words of extra memory for PDF output out of 10000 (max. 10000000)

